<?xml version="1.0" encoding="UTF-8"?>
<!-- Generated by org.testng.reporters.JUnitReportReporter -->
<testsuite skipped="0" hostname="DESKTOP-6AO7KOO" name="Selen123.dataprovider" tests="2" failures="0" timestamp="2021-09-22T16:38:12 IST" time="0.009" errors="0">
  <testcase name="f" time="0.002" classname="Selen123.dataprovider"/>
  <testcase name="f" time="0.007" classname="Selen123.dataprovider"/>
</testsuite> <!-- Selen123.dataprovider -->
