<?xml version="1.0" encoding="UTF-8"?>
<!-- Generated by org.testng.reporters.JUnitReportReporter -->
<testsuite skipped="0" hostname="DESKTOP-6AO7KOO" name="Selen123.Annotation" tests="2" failures="0" timestamp="2021-09-02T15:19:28 IST" time="0.009" errors="0">
  <testcase name="f" time="0.008" classname="Selen123.Annotation"/>
  <testcase name="f" time="0.001" classname="Selen123.Annotation"/>
</testsuite> <!-- Selen123.Annotation -->
