<?xml version="1.0" encoding="UTF-8"?>
<!-- Generated by org.testng.reporters.JUnitReportReporter -->
<testsuite skipped="0" hostname="DESKTOP-6AO7KOO" name="Selen123.Annotation2" tests="2" failures="0" timestamp="2021-09-02T13:46:29 IST" time="0.009" errors="0">
  <testcase name="f" time="0.005" classname="Selen123.Annotation2"/>
  <testcase name="f" time="0.004" classname="Selen123.Annotation2"/>
</testsuite> <!-- Selen123.Annotation2 -->
