<?xml version="1.0" encoding="UTF-8"?>
<!-- Generated by org.testng.reporters.JUnitReportReporter -->
<testsuite skipped="0" hostname="DESKTOP-6AO7KOO" name="Selen123.forgot" tests="1" failures="0" timestamp="2021-09-02T13:00:29 IST" time="0.001" errors="0">
  <testcase name="f" time="0.001" classname="Selen123.forgot"/>
</testsuite> <!-- Selen123.forgot -->
